[2018-11-15 16:56:23,461][INFO] Use following commands to navigate your position ['r', 'l', 'u', 'd']
[2018-11-15 16:56:23,471][INFO] Use 'save' or 'load' commands to save/load game
[2018-11-15 16:56:26,409][DEBUG] Move with command: r
[2018-11-15 16:56:26,409][DEBUG] Move is possible
[2018-11-15 16:56:26,409][DEBUG] position: [0, 2], pos type: <class 'list'>
[2018-11-15 16:56:26,409][DEBUG] position: [1, 2], pos type: <class 'list'>
[2018-11-15 16:56:26,409][DEBUG] position: [0, 1], pos type: <class 'list'>
[2018-11-15 16:56:26,409][DEBUG] position: [0, 3], pos type: <class 'list'>
[2018-11-15 16:56:26,409][DEBUG] Nearest positions
[2018-11-15 16:56:33,644][DEBUG] Move with command: r
[2018-11-15 16:56:33,644][DEBUG] Move is possible
[2018-11-15 16:56:33,644][DEBUG] position: [0, 3], pos type: <class 'list'>
[2018-11-15 16:56:33,644][DEBUG] position: [1, 3], pos type: <class 'list'>
[2018-11-15 16:56:33,644][DEBUG] position: [0, 2], pos type: <class 'list'>
[2018-11-15 16:56:33,644][DEBUG] Nearest positions
[2018-11-15 16:56:34,265][DEBUG] Move with command: r
[2018-11-15 16:56:34,266][DEBUG] Move is possible
[2018-11-15 16:56:34,266][DEBUG] position: [0, 4], pos type: <class 'list'>
[2018-11-15 16:56:34,266][DEBUG] position: [1, 4], pos type: <class 'list'>
[2018-11-15 16:56:34,266][DEBUG] position: [0, 3], pos type: <class 'list'>
[2018-11-15 16:56:34,266][DEBUG] Nearest positions
[2018-11-15 16:56:34,266][INFO] Tresure is near you
[2018-11-15 16:56:35,979][DEBUG] Move with command: r
[2018-11-15 16:56:35,980][DEBUG] Move is possible
[2018-11-15 16:56:35,980][INFO] Move is not possible
[2018-11-15 16:56:38,417][DEBUG] Move with command: d
[2018-11-15 16:56:38,417][DEBUG] Move is possible
[2018-11-15 16:56:38,417][DEBUG] position: [1, 4], pos type: <class 'list'>
[2018-11-15 16:56:38,417][INFO] You WON!!!
[2018-11-15 16:56:38,422][INFO] [' ', '0', '0', '0', '0']
[2018-11-15 16:56:38,425][INFO] [' ', ' ', ' ', ' ', '#']
[2018-11-15 16:56:38,429][INFO] [' ', ' ', '#', ' ', ' ']
[2018-11-15 16:56:38,434][INFO] [' ', ' ', ' ', '!', '!']
[2018-11-15 16:56:38,437][INFO] [' ', ' ', '#', '#', ' ']
