2018-11-07 21:22:39,046 - Utilities_app - INFO - game started
2018-11-07 21:22:39,046 - Utilities_app - DEBUG - setting-up started...
2018-11-07 21:22:39,047 - Utilities_app - DEBUG - map generation started
2018-11-07 21:22:39,047 - Utilities_app - DEBUG - random size generated
2018-11-07 21:22:39,047 - Utilities_app - DEBUG - probabilistic map generation started
2018-11-07 21:22:39,047 - Utilities_app - DEBUG - map shuffle started
2018-11-07 21:22:39,048 - Utilities_app - DEBUG - map shuffle ended
2018-11-07 21:22:39,048 - Utilities_app - DEBUG - probabilistic map gen succeeded
2018-11-07 21:22:39,048 - Utilities_app - DEBUG - map generated
2018-11-07 21:22:39,048 - Utilities_app - DEBUG - start position generated
2018-11-07 21:22:39,050 - Utilities_app - DEBUG - setting-up ended.
2018-11-07 21:22:42,046 - Utilities_app - DEBUG - step started...
2018-11-07 21:22:42,047 - Utilities_app - DEBUG - output completed
2018-11-07 21:22:45,119 - Utilities_app - DEBUG - action received & checked
2018-11-07 21:26:25,583 - Utilities_app - INFO - game started
2018-11-07 21:26:25,584 - Utilities_app - DEBUG - setting-up started...
2018-11-07 21:26:25,584 - Utilities_app - DEBUG - map generation started
2018-11-07 21:26:25,584 - Utilities_app - DEBUG - random size generated
2018-11-07 21:26:25,584 - Utilities_app - DEBUG - probabilistic map generation started
2018-11-07 21:26:25,584 - Utilities_app - DEBUG - map shuffle started
2018-11-07 21:26:25,584 - Utilities_app - DEBUG - map shuffle ended
2018-11-07 21:26:25,584 - Utilities_app - DEBUG - probabilistic map gen succeeded
2018-11-07 21:26:25,585 - Utilities_app - DEBUG - map generated
2018-11-07 21:26:25,585 - Utilities_app - DEBUG - start position generated
2018-11-07 21:26:25,585 - Utilities_app - DEBUG - setting-up ended.
2018-11-07 21:26:26,861 - Utilities_app - DEBUG - step started...
2018-11-07 21:26:26,862 - Utilities_app - DEBUG - output completed
2018-11-07 21:26:29,013 - Utilities_app - DEBUG - action received & checked
2018-11-07 21:28:09,383 - Utilities_app - INFO - game started
2018-11-07 21:28:09,384 - Utilities_app - DEBUG - setting-up started...
2018-11-07 21:28:09,384 - Utilities_app - DEBUG - map generation started
2018-11-07 21:28:09,384 - Utilities_app - DEBUG - random size generated
2018-11-07 21:28:09,384 - Utilities_app - DEBUG - probabilistic map generation started
2018-11-07 21:28:09,384 - Utilities_app - DEBUG - map shuffle started
2018-11-07 21:28:09,385 - Utilities_app - DEBUG - map shuffle ended
2018-11-07 21:28:09,385 - Utilities_app - DEBUG - probabilistic map gen succeeded
2018-11-07 21:28:09,385 - Utilities_app - DEBUG - map generated
2018-11-07 21:28:09,385 - Utilities_app - DEBUG - start position generated
2018-11-07 21:28:09,385 - Utilities_app - DEBUG - setting-up ended.
2018-11-07 21:28:10,957 - Utilities_app - DEBUG - step started...
2018-11-07 21:28:10,958 - Utilities_app - DEBUG - output completed
2018-11-07 21:29:10,478 - Utilities_app - DEBUG - action received & checked
2018-11-07 21:29:10,480 - Utilities_app - INFO - game saved
2018-11-07 21:29:10,481 - Utilities_app - DEBUG - on action script performed
2018-11-07 21:29:10,481 - Utilities_app - DEBUG - new position checked and used, step performed
2018-11-07 21:29:10,482 - Utilities_app - INFO - game won.
2018-11-07 21:29:10,483 - Utilities_app - DEBUG - step ended.
2018-11-07 21:29:10,483 - Utilities_app - INFO - game ended
2018-11-07 21:29:16,745 - Utilities_app - INFO - game started
2018-11-07 21:29:16,746 - Utilities_app - DEBUG - setting-up started...
2018-11-07 21:29:16,746 - Utilities_app - DEBUG - map generation started
2018-11-07 21:29:16,746 - Utilities_app - DEBUG - random size generated
2018-11-07 21:29:16,746 - Utilities_app - DEBUG - probabilistic map generation started
2018-11-07 21:29:16,746 - Utilities_app - DEBUG - map shuffle started
2018-11-07 21:29:16,746 - Utilities_app - DEBUG - map shuffle ended
2018-11-07 21:29:16,746 - Utilities_app - DEBUG - probabilistic map gen succeeded
2018-11-07 21:29:16,746 - Utilities_app - DEBUG - map generated
2018-11-07 21:29:16,746 - Utilities_app - DEBUG - start position generated
2018-11-07 21:29:16,747 - Utilities_app - DEBUG - setting-up ended.
2018-11-07 21:29:18,501 - Utilities_app - DEBUG - step started...
2018-11-07 21:29:18,503 - Utilities_app - DEBUG - output completed
2018-11-07 21:29:22,165 - Utilities_app - DEBUG - action received & checked
2018-11-07 21:29:22,172 - Utilities_app - INFO - game saved
2018-11-07 21:29:22,173 - Utilities_app - DEBUG - on action script performed
2018-11-07 21:29:22,173 - Utilities_app - DEBUG - new position checked and used, step performed
2018-11-07 21:29:22,173 - Utilities_app - INFO - game lost.
2018-11-07 21:29:22,173 - Utilities_app - DEBUG - step ended.
2018-11-07 21:29:22,173 - Utilities_app - INFO - game ended
2018-11-07 21:32:48,075 - Utilities_app - INFO - game started
2018-11-07 21:32:48,075 - Utilities_app - DEBUG - setting-up started...
2018-11-07 21:32:48,075 - Utilities_app - DEBUG - map generation started
2018-11-07 21:32:48,075 - Utilities_app - DEBUG - random size generated
2018-11-07 21:32:48,075 - Utilities_app - DEBUG - probabilistic map generation started
2018-11-07 21:32:48,076 - Utilities_app - DEBUG - map shuffle started
2018-11-07 21:32:48,076 - Utilities_app - DEBUG - map shuffle ended
2018-11-07 21:32:48,076 - Utilities_app - DEBUG - probabilistic map gen succeeded
2018-11-07 21:32:48,076 - Utilities_app - DEBUG - map generated
2018-11-07 21:32:48,076 - Utilities_app - DEBUG - start position generated
2018-11-07 21:32:48,076 - Utilities_app - DEBUG - setting-up ended.
2018-11-07 21:32:49,308 - Utilities_app - DEBUG - step started...
2018-11-07 21:32:49,310 - Utilities_app - DEBUG - output completed
2018-11-07 21:32:51,397 - Utilities_app - DEBUG - action received & checked
2018-11-07 21:32:51,398 - Utilities_app - DEBUG - on action script performed
2018-11-07 21:32:51,398 - Utilities_app - DEBUG - new position checked and used, step performed
2018-11-07 21:32:51,398 - Utilities_app - DEBUG - step ended.
2018-11-07 21:32:51,398 - Utilities_app - DEBUG - step started...
2018-11-07 21:32:51,400 - Utilities_app - DEBUG - output completed
2018-11-07 21:32:51,628 - Utilities_app - DEBUG - action received & checked
2018-11-07 21:32:51,628 - Utilities_app - DEBUG - on action script performed
2018-11-07 21:32:51,628 - Utilities_app - DEBUG - new position checked and used, step performed
2018-11-07 21:32:51,628 - Utilities_app - DEBUG - step ended.
2018-11-07 21:32:51,628 - Utilities_app - DEBUG - step started...
2018-11-07 21:32:51,629 - Utilities_app - DEBUG - output completed
2018-11-07 21:32:52,429 - Utilities_app - DEBUG - action received & checked
2018-11-07 21:32:52,429 - Utilities_app - DEBUG - on action script performed
2018-11-07 21:32:52,430 - Utilities_app - DEBUG - new position checked and used, step performed
2018-11-07 21:32:52,430 - Utilities_app - DEBUG - step ended.
2018-11-07 21:32:52,430 - Utilities_app - DEBUG - step started...
2018-11-07 21:32:52,431 - Utilities_app - DEBUG - output completed
2018-11-07 21:32:54,397 - Utilities_app - DEBUG - action received & checked
2018-11-07 21:32:54,404 - Utilities_app - INFO - game saved
2018-11-07 21:32:54,404 - Utilities_app - DEBUG - on action script performed
2018-11-07 21:32:54,404 - Utilities_app - DEBUG - new position checked and used, step performed
2018-11-07 21:32:54,404 - Utilities_app - DEBUG - step ended.
2018-11-07 21:32:54,404 - Utilities_app - DEBUG - step started...
2018-11-07 21:32:54,405 - Utilities_app - DEBUG - output completed
2018-11-07 21:33:05,359 - Utilities_app - INFO - game started
2018-11-07 21:33:05,359 - Utilities_app - DEBUG - setting-up started...
2018-11-07 21:33:05,359 - Utilities_app - DEBUG - map generation started
2018-11-07 21:33:05,359 - Utilities_app - DEBUG - random size generated
2018-11-07 21:33:05,359 - Utilities_app - DEBUG - probabilistic map generation started
2018-11-07 21:33:05,359 - Utilities_app - DEBUG - map shuffle started
2018-11-07 21:33:05,360 - Utilities_app - DEBUG - map shuffle ended
2018-11-07 21:33:05,360 - Utilities_app - DEBUG - probabilistic map gen succeeded
2018-11-07 21:33:05,360 - Utilities_app - DEBUG - map generated
2018-11-07 21:33:05,360 - Utilities_app - DEBUG - start position generated
2018-11-07 21:33:05,360 - Utilities_app - DEBUG - setting-up ended.
2018-11-07 21:33:23,309 - Utilities_app - INFO - game started
2018-11-07 21:33:23,309 - Utilities_app - DEBUG - setting-up started...
2018-11-07 21:33:23,309 - Utilities_app - DEBUG - map generation started
2018-11-07 21:33:23,309 - Utilities_app - DEBUG - random size generated
2018-11-07 21:33:23,309 - Utilities_app - DEBUG - probabilistic map generation started
2018-11-07 21:33:23,310 - Utilities_app - DEBUG - map shuffle started
2018-11-07 21:33:23,310 - Utilities_app - DEBUG - map shuffle ended
2018-11-07 21:33:23,310 - Utilities_app - DEBUG - probabilistic map gen succeeded
2018-11-07 21:33:23,310 - Utilities_app - DEBUG - map generated
2018-11-07 21:33:23,311 - Utilities_app - DEBUG - start position generated
2018-11-07 21:33:23,311 - Utilities_app - DEBUG - setting-up ended.
2018-11-07 21:33:25,157 - Utilities_app - INFO - game loaded
2018-11-07 21:33:25,158 - Utilities_app - DEBUG - step started...
2018-11-07 21:33:25,158 - Utilities_app - DEBUG - output completed
2018-11-07 21:33:26,940 - Utilities_app - DEBUG - action received & checked
2018-11-07 21:33:26,940 - Utilities_app - DEBUG - on action script performed
2018-11-07 21:33:26,941 - Utilities_app - DEBUG - new position checked and used, step performed
2018-11-07 21:33:26,941 - Utilities_app - DEBUG - step ended.
2018-11-07 21:33:26,941 - Utilities_app - DEBUG - step started...
2018-11-07 21:33:26,942 - Utilities_app - DEBUG - output completed
2018-11-07 21:33:28,717 - Utilities_app - DEBUG - action received & checked
2018-11-07 21:33:28,723 - Utilities_app - INFO - game saved
2018-11-07 21:33:28,724 - Utilities_app - DEBUG - on action script performed
2018-11-07 21:33:28,724 - Utilities_app - DEBUG - new position checked and used, step performed
2018-11-07 21:33:28,724 - Utilities_app - DEBUG - step ended.
2018-11-07 21:33:28,724 - Utilities_app - DEBUG - step started...
2018-11-07 21:33:28,725 - Utilities_app - DEBUG - output completed
2018-11-07 21:33:30,676 - Utilities_app - DEBUG - action received & checked
2018-11-07 21:33:30,677 - Utilities_app - DEBUG - on action script performed
2018-11-07 21:33:30,677 - Utilities_app - DEBUG - new position checked and used, step performed
2018-11-07 21:33:30,677 - Utilities_app - DEBUG - step ended.
2018-11-07 21:33:30,677 - Utilities_app - DEBUG - step started...
2018-11-07 21:33:30,682 - Utilities_app - DEBUG - output completed
2018-11-07 21:33:32,220 - Utilities_app - DEBUG - action received & checked
2018-11-07 21:33:32,220 - Utilities_app - DEBUG - on action script performed
2018-11-07 21:33:32,220 - Utilities_app - DEBUG - new position checked and used, step performed
2018-11-07 21:33:32,220 - Utilities_app - DEBUG - step ended.
2018-11-07 21:33:32,220 - Utilities_app - DEBUG - step started...
2018-11-07 21:33:32,226 - Utilities_app - DEBUG - output completed
2018-11-07 21:33:36,380 - Utilities_app - DEBUG - action received & checked
2018-11-07 21:33:36,386 - Utilities_app - INFO - game saved
2018-11-07 21:33:36,386 - Utilities_app - DEBUG - on action script performed
2018-11-07 21:33:36,387 - Utilities_app - DEBUG - new position checked and used, step performed
2018-11-07 21:33:36,387 - Utilities_app - DEBUG - step ended.
2018-11-07 21:33:36,387 - Utilities_app - DEBUG - step started...
2018-11-07 21:33:36,390 - Utilities_app - DEBUG - output completed
2018-11-07 21:33:38,515 - Utilities_app - DEBUG - action received & checked
2018-11-07 21:33:38,516 - Utilities_app - DEBUG - on action script performed
2018-11-07 21:33:38,516 - Utilities_app - DEBUG - new position checked and used, step performed
2018-11-07 21:33:38,516 - Utilities_app - DEBUG - step ended.
2018-11-07 21:33:38,516 - Utilities_app - DEBUG - step started...
2018-11-07 21:33:38,518 - Utilities_app - DEBUG - output completed
2018-11-07 21:33:40,028 - Utilities_app - DEBUG - action received & checked
2018-11-07 21:33:40,034 - Utilities_app - INFO - game saved
2018-11-07 21:33:40,034 - Utilities_app - DEBUG - on action script performed
2018-11-07 21:33:40,034 - Utilities_app - DEBUG - new position checked and used, step performed
2018-11-07 21:33:40,034 - Utilities_app - DEBUG - step ended.
2018-11-07 21:33:40,035 - Utilities_app - DEBUG - step started...
2018-11-07 21:33:40,035 - Utilities_app - DEBUG - output completed
2018-11-07 21:33:44,620 - Utilities_app - DEBUG - action received & checked
2018-11-07 21:33:44,620 - Utilities_app - DEBUG - on action script performed
2018-11-07 21:33:44,620 - Utilities_app - DEBUG - new position checked and used, step performed
2018-11-07 21:33:44,621 - Utilities_app - DEBUG - step ended.
2018-11-07 21:33:44,621 - Utilities_app - DEBUG - step started...
2018-11-07 21:33:44,625 - Utilities_app - DEBUG - output completed
2018-11-07 21:33:46,532 - Utilities_app - DEBUG - action received & checked
2018-11-07 21:33:46,533 - Utilities_app - DEBUG - on action script performed
2018-11-07 21:33:46,533 - Utilities_app - DEBUG - new position checked and used, step performed
2018-11-07 21:33:46,533 - Utilities_app - DEBUG - step ended.
2018-11-07 21:33:46,533 - Utilities_app - DEBUG - step started...
2018-11-07 21:33:46,534 - Utilities_app - DEBUG - output completed
2018-11-07 21:33:49,444 - Utilities_app - DEBUG - action received & checked
2018-11-07 21:33:49,450 - Utilities_app - INFO - game saved
2018-11-07 21:33:49,451 - Utilities_app - DEBUG - on action script performed
2018-11-07 21:33:49,451 - Utilities_app - DEBUG - new position checked and used, step performed
2018-11-07 21:33:49,451 - Utilities_app - DEBUG - step ended.
2018-11-07 21:33:49,451 - Utilities_app - DEBUG - step started...
2018-11-07 21:33:49,452 - Utilities_app - DEBUG - output completed
2018-11-07 21:33:50,355 - Utilities_app - DEBUG - action received & checked
2018-11-07 21:33:50,356 - Utilities_app - DEBUG - on action script performed
2018-11-07 21:33:50,356 - Utilities_app - DEBUG - new position checked and used, step performed
2018-11-07 21:33:50,356 - Utilities_app - DEBUG - step ended.
2018-11-07 21:33:50,356 - Utilities_app - DEBUG - step started...
2018-11-07 21:33:50,359 - Utilities_app - DEBUG - output completed
2018-11-07 21:33:51,124 - Utilities_app - DEBUG - action received & checked
2018-11-07 21:33:51,125 - Utilities_app - DEBUG - on action script performed
2018-11-07 21:33:51,125 - Utilities_app - DEBUG - new position checked and used, step performed
2018-11-07 21:33:51,125 - Utilities_app - DEBUG - step ended.
2018-11-07 21:33:51,125 - Utilities_app - DEBUG - step started...
2018-11-07 21:33:51,126 - Utilities_app - DEBUG - output completed
2018-11-07 21:33:52,884 - Utilities_app - DEBUG - action received & checked
2018-11-07 21:33:52,891 - Utilities_app - INFO - game saved
2018-11-07 21:33:52,891 - Utilities_app - DEBUG - on action script performed
2018-11-07 21:33:52,891 - Utilities_app - DEBUG - new position checked and used, step performed
2018-11-07 21:33:52,891 - Utilities_app - DEBUG - step ended.
2018-11-07 21:33:52,891 - Utilities_app - DEBUG - step started...
2018-11-07 21:33:52,898 - Utilities_app - DEBUG - output completed
2018-11-07 21:33:54,620 - Utilities_app - DEBUG - action received & checked
2018-11-07 21:33:54,621 - Utilities_app - DEBUG - on action script performed
2018-11-07 21:33:54,621 - Utilities_app - DEBUG - new position checked and used, step performed
2018-11-07 21:33:54,621 - Utilities_app - DEBUG - step ended.
2018-11-07 21:33:54,621 - Utilities_app - DEBUG - step started...
2018-11-07 21:33:54,625 - Utilities_app - DEBUG - output completed
2018-11-07 21:33:55,900 - Utilities_app - DEBUG - action received & checked
2018-11-07 21:33:55,900 - Utilities_app - DEBUG - on action script performed
2018-11-07 21:33:55,900 - Utilities_app - DEBUG - new position checked and used, step performed
2018-11-07 21:33:55,900 - Utilities_app - DEBUG - step ended.
2018-11-07 21:33:55,900 - Utilities_app - DEBUG - step started...
2018-11-07 21:33:55,902 - Utilities_app - DEBUG - output completed
2018-11-07 21:33:57,124 - Utilities_app - DEBUG - action received & checked
2018-11-07 21:33:57,124 - Utilities_app - DEBUG - on action script performed
2018-11-07 21:33:57,124 - Utilities_app - DEBUG - new position checked and used, step performed
2018-11-07 21:33:57,124 - Utilities_app - DEBUG - step ended.
2018-11-07 21:33:57,124 - Utilities_app - DEBUG - step started...
2018-11-07 21:33:57,125 - Utilities_app - DEBUG - output completed
2018-11-07 21:33:58,244 - Utilities_app - DEBUG - action received & checked
2018-11-07 21:33:58,250 - Utilities_app - INFO - game saved
2018-11-07 21:33:58,251 - Utilities_app - DEBUG - on action script performed
2018-11-07 21:33:58,251 - Utilities_app - DEBUG - new position checked and used, step performed
2018-11-07 21:33:58,251 - Utilities_app - DEBUG - step ended.
2018-11-07 21:33:58,251 - Utilities_app - DEBUG - step started...
2018-11-07 21:33:58,252 - Utilities_app - DEBUG - output completed
2018-11-07 21:33:58,947 - Utilities_app - DEBUG - action received & checked
2018-11-07 21:33:58,948 - Utilities_app - DEBUG - on action script performed
2018-11-07 21:33:58,948 - Utilities_app - DEBUG - new position checked and used, step performed
2018-11-07 21:33:58,948 - Utilities_app - DEBUG - step ended.
2018-11-07 21:33:58,948 - Utilities_app - DEBUG - step started...
2018-11-07 21:33:58,949 - Utilities_app - DEBUG - output completed
2018-11-07 21:33:59,364 - Utilities_app - DEBUG - action received & checked
2018-11-07 21:33:59,364 - Utilities_app - DEBUG - on action script performed
2018-11-07 21:33:59,364 - Utilities_app - DEBUG - new position checked and used, step performed
2018-11-07 21:33:59,364 - Utilities_app - DEBUG - step ended.
2018-11-07 21:33:59,364 - Utilities_app - DEBUG - step started...
2018-11-07 21:33:59,368 - Utilities_app - DEBUG - output completed
2018-11-07 21:33:59,875 - Utilities_app - DEBUG - action received & checked
2018-11-07 21:33:59,876 - Utilities_app - DEBUG - on action script performed
2018-11-07 21:33:59,876 - Utilities_app - DEBUG - new position checked and used, step performed
2018-11-07 21:33:59,876 - Utilities_app - DEBUG - step ended.
2018-11-07 21:33:59,876 - Utilities_app - DEBUG - step started...
2018-11-07 21:33:59,877 - Utilities_app - DEBUG - output completed
2018-11-07 21:34:00,316 - Utilities_app - DEBUG - action received & checked
2018-11-07 21:34:00,317 - Utilities_app - DEBUG - on action script performed
2018-11-07 21:34:00,317 - Utilities_app - DEBUG - new position checked and used, step performed
2018-11-07 21:34:00,317 - Utilities_app - DEBUG - step ended.
2018-11-07 21:34:00,317 - Utilities_app - DEBUG - step started...
2018-11-07 21:34:00,318 - Utilities_app - DEBUG - output completed
2018-11-07 21:34:00,739 - Utilities_app - DEBUG - action received & checked
2018-11-07 21:34:00,739 - Utilities_app - DEBUG - on action script performed
2018-11-07 21:34:00,739 - Utilities_app - DEBUG - new position checked and used, step performed
2018-11-07 21:34:00,740 - Utilities_app - DEBUG - step ended.
2018-11-07 21:34:00,740 - Utilities_app - DEBUG - step started...
2018-11-07 21:34:00,741 - Utilities_app - DEBUG - output completed
2018-11-07 21:34:01,307 - Utilities_app - DEBUG - action received & checked
2018-11-07 21:34:01,307 - Utilities_app - DEBUG - on action script performed
2018-11-07 21:34:01,307 - Utilities_app - DEBUG - new position checked and used, step performed
2018-11-07 21:34:01,308 - Utilities_app - DEBUG - step ended.
2018-11-07 21:34:01,308 - Utilities_app - DEBUG - step started...
2018-11-07 21:34:01,313 - Utilities_app - DEBUG - output completed
2018-11-07 21:34:02,507 - Utilities_app - DEBUG - action received & checked
2018-11-07 21:34:02,507 - Utilities_app - DEBUG - on action script performed
2018-11-07 21:34:02,507 - Utilities_app - DEBUG - new position checked and used, step performed
2018-11-07 21:34:02,508 - Utilities_app - DEBUG - step ended.
2018-11-07 21:34:02,508 - Utilities_app - DEBUG - step started...
2018-11-07 21:34:02,509 - Utilities_app - DEBUG - output completed
2018-11-07 21:34:03,150 - Utilities_app - DEBUG - action received & checked
2018-11-07 21:34:03,150 - Utilities_app - DEBUG - on action script performed
2018-11-07 21:34:03,150 - Utilities_app - DEBUG - new position checked and used, step performed
2018-11-07 21:34:03,150 - Utilities_app - DEBUG - step ended.
2018-11-07 21:34:03,150 - Utilities_app - DEBUG - step started...
2018-11-07 21:35:22,576 - Utilities_app - INFO - game started
2018-11-07 21:35:22,577 - Utilities_app - DEBUG - setting-up started...
2018-11-07 21:35:22,577 - Utilities_app - DEBUG - map generation started
2018-11-07 21:35:22,577 - Utilities_app - DEBUG - random size generated
2018-11-07 21:35:22,577 - Utilities_app - DEBUG - probabilistic map generation started
2018-11-07 21:35:22,578 - Utilities_app - DEBUG - map shuffle started
2018-11-07 21:35:22,578 - Utilities_app - DEBUG - map shuffle ended
2018-11-07 21:35:22,578 - Utilities_app - DEBUG - probabilistic map gen succeeded
2018-11-07 21:35:22,578 - Utilities_app - DEBUG - map generated
2018-11-07 21:35:22,578 - Utilities_app - DEBUG - start position generated
2018-11-07 21:35:22,578 - Utilities_app - DEBUG - setting-up ended.
2018-11-07 21:35:24,492 - Utilities_app - DEBUG - step started...
2018-11-07 21:35:24,493 - Utilities_app - DEBUG - output completed
2018-11-07 21:35:25,483 - Utilities_app - DEBUG - action received & checked
2018-11-07 21:35:25,483 - Utilities_app - DEBUG - on action script performed
2018-11-07 21:35:25,483 - Utilities_app - DEBUG - new position checked and used, step performed
2018-11-07 21:35:25,484 - Utilities_app - DEBUG - step ended.
2018-11-07 21:35:25,484 - Utilities_app - DEBUG - step started...
2018-11-07 21:35:25,484 - Utilities_app - DEBUG - output completed
2018-11-07 21:35:25,803 - Utilities_app - DEBUG - action received & checked
2018-11-07 21:35:25,803 - Utilities_app - DEBUG - on action script performed
2018-11-07 21:35:25,803 - Utilities_app - DEBUG - new position checked and used, step performed
2018-11-07 21:35:25,803 - Utilities_app - DEBUG - step ended.
2018-11-07 21:35:25,803 - Utilities_app - DEBUG - step started...
2018-11-07 21:35:25,806 - Utilities_app - DEBUG - output completed
2018-11-07 21:35:26,107 - Utilities_app - DEBUG - action received & checked
2018-11-07 21:35:26,107 - Utilities_app - DEBUG - on action script performed
2018-11-07 21:35:26,107 - Utilities_app - DEBUG - new position checked and used, step performed
2018-11-07 21:35:26,107 - Utilities_app - DEBUG - step ended.
2018-11-07 21:35:26,107 - Utilities_app - DEBUG - step started...
2018-11-07 21:35:26,108 - Utilities_app - DEBUG - output completed
2018-11-07 21:35:26,411 - Utilities_app - DEBUG - action received & checked
2018-11-07 21:35:26,411 - Utilities_app - DEBUG - on action script performed
2018-11-07 21:35:26,412 - Utilities_app - DEBUG - new position checked and used, step performed
2018-11-07 21:35:26,412 - Utilities_app - INFO - game lost.
2018-11-07 21:35:26,412 - Utilities_app - DEBUG - step ended.
2018-11-07 21:35:26,412 - Utilities_app - INFO - game ended
2018-11-07 21:35:28,572 - Utilities_app - INFO - game started
2018-11-07 21:35:28,572 - Utilities_app - DEBUG - setting-up started...
2018-11-07 21:35:28,572 - Utilities_app - DEBUG - map generation started
2018-11-07 21:35:28,572 - Utilities_app - DEBUG - random size generated
2018-11-07 21:35:28,572 - Utilities_app - DEBUG - probabilistic map generation started
2018-11-07 21:35:28,573 - Utilities_app - DEBUG - map shuffle started
2018-11-07 21:35:28,573 - Utilities_app - DEBUG - map shuffle ended
2018-11-07 21:35:28,573 - Utilities_app - DEBUG - probabilistic map gen succeeded
2018-11-07 21:35:28,573 - Utilities_app - DEBUG - map generated
2018-11-07 21:35:28,573 - Utilities_app - DEBUG - start position generated
2018-11-07 21:35:28,573 - Utilities_app - DEBUG - setting-up ended.
2018-11-07 21:35:29,883 - Utilities_app - DEBUG - step started...
2018-11-07 21:35:29,887 - Utilities_app - DEBUG - output completed
2018-11-07 21:35:32,716 - Utilities_app - DEBUG - action received & checked
2018-11-07 21:35:32,716 - Utilities_app - DEBUG - on action script performed
2018-11-07 21:35:32,716 - Utilities_app - DEBUG - new position checked and used, step performed
2018-11-07 21:35:32,716 - Utilities_app - DEBUG - step ended.
2018-11-07 21:35:32,716 - Utilities_app - DEBUG - step started...
2018-11-07 21:35:32,717 - Utilities_app - DEBUG - output completed
2018-11-07 21:35:33,803 - Utilities_app - DEBUG - action received & checked
2018-11-07 21:35:33,803 - Utilities_app - DEBUG - on action script performed
2018-11-07 21:35:33,803 - Utilities_app - DEBUG - new position checked and used, step performed
2018-11-07 21:35:33,803 - Utilities_app - DEBUG - step ended.
2018-11-07 21:35:33,803 - Utilities_app - DEBUG - step started...
2018-11-07 21:35:33,806 - Utilities_app - DEBUG - output completed
2018-11-07 21:35:34,667 - Utilities_app - DEBUG - action received & checked
2018-11-07 21:35:34,668 - Utilities_app - DEBUG - on action script performed
2018-11-07 21:35:34,668 - Utilities_app - DEBUG - new position checked and used, step performed
2018-11-07 21:35:34,668 - Utilities_app - DEBUG - step ended.
2018-11-07 21:35:34,668 - Utilities_app - DEBUG - step started...
2018-11-07 21:35:34,669 - Utilities_app - DEBUG - output completed
2018-11-07 21:35:35,059 - Utilities_app - DEBUG - action received & checked
2018-11-07 21:35:35,059 - Utilities_app - DEBUG - on action script performed
2018-11-07 21:35:35,059 - Utilities_app - DEBUG - new position checked and used, step performed
2018-11-07 21:35:35,059 - Utilities_app - DEBUG - step ended.
2018-11-07 21:35:35,059 - Utilities_app - DEBUG - step started...
2018-11-07 21:35:35,062 - Utilities_app - DEBUG - output completed
2018-11-07 21:35:35,819 - Utilities_app - DEBUG - action received & checked
2018-11-07 21:35:35,819 - Utilities_app - DEBUG - on action script performed
2018-11-07 21:35:35,819 - Utilities_app - DEBUG - new position checked and used, step performed
2018-11-07 21:35:35,819 - Utilities_app - DEBUG - step ended.
2018-11-07 21:35:35,819 - Utilities_app - DEBUG - step started...
2018-11-07 21:35:35,823 - Utilities_app - DEBUG - output completed
2018-11-07 21:35:36,525 - Utilities_app - DEBUG - action received & checked
2018-11-07 21:35:36,525 - Utilities_app - DEBUG - on action script performed
2018-11-07 21:35:36,525 - Utilities_app - DEBUG - new position checked and used, step performed
2018-11-07 21:35:36,525 - Utilities_app - DEBUG - step ended.
2018-11-07 21:35:36,526 - Utilities_app - DEBUG - step started...
2018-11-07 21:35:36,531 - Utilities_app - DEBUG - output completed
2018-11-07 21:35:37,179 - Utilities_app - DEBUG - action received & checked
2018-11-07 21:35:37,179 - Utilities_app - DEBUG - on action script performed
2018-11-07 21:35:37,179 - Utilities_app - DEBUG - new position checked and used, step performed
2018-11-07 21:35:37,179 - Utilities_app - DEBUG - step ended.
2018-11-07 21:35:37,179 - Utilities_app - DEBUG - step started...
2018-11-07 21:35:37,182 - Utilities_app - DEBUG - output completed
2018-11-07 21:35:37,549 - Utilities_app - DEBUG - action received & checked
2018-11-07 21:35:37,549 - Utilities_app - DEBUG - on action script performed
2018-11-07 21:35:37,549 - Utilities_app - DEBUG - new position checked and used, step performed
2018-11-07 21:35:37,549 - Utilities_app - DEBUG - step ended.
2018-11-07 21:35:37,549 - Utilities_app - DEBUG - step started...
2018-11-07 21:35:37,556 - Utilities_app - DEBUG - output completed
2018-11-07 21:35:42,843 - Utilities_app - INFO - game started
2018-11-07 21:35:42,843 - Utilities_app - DEBUG - setting-up started...
2018-11-07 21:35:42,843 - Utilities_app - DEBUG - map generation started
2018-11-07 21:35:42,843 - Utilities_app - DEBUG - random size generated
2018-11-07 21:35:42,843 - Utilities_app - DEBUG - probabilistic map generation started
2018-11-07 21:35:42,844 - Utilities_app - DEBUG - map shuffle started
2018-11-07 21:35:42,845 - Utilities_app - DEBUG - map shuffle ended
2018-11-07 21:35:42,845 - Utilities_app - DEBUG - probabilistic map gen succeeded
2018-11-07 21:35:42,845 - Utilities_app - DEBUG - map generated
2018-11-07 21:35:42,845 - Utilities_app - DEBUG - start position generated
2018-11-07 21:35:42,845 - Utilities_app - DEBUG - setting-up ended.
2018-11-07 21:35:44,684 - Utilities_app - INFO - game loaded
2018-11-07 21:35:44,685 - Utilities_app - DEBUG - step started...
2018-11-07 21:35:44,689 - Utilities_app - DEBUG - output completed
2018-11-07 21:35:45,707 - Utilities_app - DEBUG - action received & checked
2018-11-07 21:35:45,707 - Utilities_app - DEBUG - on action script performed
2018-11-07 21:35:45,707 - Utilities_app - DEBUG - new position checked and used, step performed
2018-11-07 21:35:45,708 - Utilities_app - DEBUG - step ended.
2018-11-07 21:35:45,708 - Utilities_app - DEBUG - step started...
2018-11-07 21:35:45,709 - Utilities_app - DEBUG - output completed
2018-11-07 21:35:46,140 - Utilities_app - DEBUG - action received & checked
2018-11-07 21:35:46,140 - Utilities_app - DEBUG - on action script performed
2018-11-07 21:35:46,140 - Utilities_app - DEBUG - new position checked and used, step performed
2018-11-07 21:35:46,140 - Utilities_app - DEBUG - step ended.
2018-11-07 21:35:46,140 - Utilities_app - DEBUG - step started...
2018-11-07 21:35:46,141 - Utilities_app - DEBUG - output completed
2018-11-07 21:35:46,611 - Utilities_app - DEBUG - action received & checked
2018-11-07 21:35:46,611 - Utilities_app - DEBUG - on action script performed
2018-11-07 21:35:46,611 - Utilities_app - DEBUG - new position checked and used, step performed
2018-11-07 21:35:46,611 - Utilities_app - DEBUG - step ended.
2018-11-07 21:35:46,611 - Utilities_app - DEBUG - step started...
2018-11-07 21:35:46,613 - Utilities_app - DEBUG - output completed
2018-11-07 21:35:47,059 - Utilities_app - DEBUG - action received & checked
2018-11-07 21:35:47,060 - Utilities_app - DEBUG - on action script performed
2018-11-07 21:35:47,060 - Utilities_app - DEBUG - new position checked and used, step performed
2018-11-07 21:35:47,060 - Utilities_app - DEBUG - step ended.
2018-11-07 21:35:47,060 - Utilities_app - DEBUG - step started...
2018-11-07 21:35:47,061 - Utilities_app - DEBUG - output completed
2018-11-07 21:35:47,764 - Utilities_app - DEBUG - action received & checked
2018-11-07 21:35:47,764 - Utilities_app - DEBUG - on action script performed
2018-11-07 21:35:47,764 - Utilities_app - DEBUG - new position checked and used, step performed
2018-11-07 21:35:47,765 - Utilities_app - DEBUG - step ended.
2018-11-07 21:35:47,765 - Utilities_app - DEBUG - step started...
2018-11-07 21:35:47,766 - Utilities_app - DEBUG - output completed
2018-11-07 21:35:48,204 - Utilities_app - DEBUG - action received & checked
2018-11-07 21:35:48,204 - Utilities_app - DEBUG - on action script performed
2018-11-07 21:35:48,204 - Utilities_app - DEBUG - new position checked and used, step performed
2018-11-07 21:35:48,204 - Utilities_app - DEBUG - step ended.
2018-11-07 21:35:48,204 - Utilities_app - DEBUG - step started...
2018-11-07 21:35:48,206 - Utilities_app - DEBUG - output completed
2018-11-07 21:35:48,651 - Utilities_app - DEBUG - action received & checked
2018-11-07 21:35:48,651 - Utilities_app - DEBUG - on action script performed
2018-11-07 21:35:48,651 - Utilities_app - DEBUG - new position checked and used, step performed
2018-11-07 21:35:48,652 - Utilities_app - DEBUG - step ended.
2018-11-07 21:35:48,652 - Utilities_app - DEBUG - step started...
2018-11-07 21:35:48,656 - Utilities_app - DEBUG - output completed
2018-11-07 21:35:49,075 - Utilities_app - DEBUG - action received & checked
2018-11-07 21:35:49,075 - Utilities_app - DEBUG - on action script performed
2018-11-07 21:35:49,075 - Utilities_app - DEBUG - new position checked and used, step performed
2018-11-07 21:35:49,075 - Utilities_app - DEBUG - step ended.
2018-11-07 21:35:49,076 - Utilities_app - DEBUG - step started...
2018-11-07 21:35:49,077 - Utilities_app - DEBUG - output completed
2018-11-07 21:35:49,467 - Utilities_app - DEBUG - action received & checked
2018-11-07 21:35:49,467 - Utilities_app - DEBUG - on action script performed
2018-11-07 21:35:49,468 - Utilities_app - DEBUG - new position checked and used, step performed
2018-11-07 21:35:49,468 - Utilities_app - DEBUG - step ended.
2018-11-07 21:35:49,468 - Utilities_app - DEBUG - step started...
2018-11-07 21:35:49,472 - Utilities_app - DEBUG - output completed
2018-11-07 21:35:50,011 - Utilities_app - DEBUG - action received & checked
2018-11-07 21:35:50,012 - Utilities_app - DEBUG - on action script performed
2018-11-07 21:35:50,012 - Utilities_app - DEBUG - new position checked and used, step performed
2018-11-07 21:35:50,012 - Utilities_app - DEBUG - step ended.
2018-11-07 21:35:50,012 - Utilities_app - DEBUG - step started...
2018-11-07 21:35:50,016 - Utilities_app - DEBUG - output completed
2018-11-07 21:35:51,003 - Utilities_app - DEBUG - action received & checked
2018-11-07 21:35:51,003 - Utilities_app - DEBUG - on action script performed
2018-11-07 21:35:51,003 - Utilities_app - DEBUG - new position checked and used, step performed
2018-11-07 21:35:51,003 - Utilities_app - DEBUG - step ended.
2018-11-07 21:35:51,004 - Utilities_app - DEBUG - step started...
2018-11-07 21:35:51,009 - Utilities_app - DEBUG - output completed
2018-11-07 21:35:51,492 - Utilities_app - DEBUG - action received & checked
2018-11-07 21:35:51,493 - Utilities_app - DEBUG - on action script performed
2018-11-07 21:35:51,493 - Utilities_app - DEBUG - new position checked and used, step performed
2018-11-07 21:35:51,493 - Utilities_app - DEBUG - step ended.
2018-11-07 21:35:51,493 - Utilities_app - DEBUG - step started...
2018-11-07 21:36:06,523 - Utilities_app - INFO - game started
2018-11-07 21:36:06,524 - Utilities_app - DEBUG - setting-up started...
2018-11-07 21:36:06,524 - Utilities_app - DEBUG - map generation started
2018-11-07 21:36:06,524 - Utilities_app - DEBUG - random size generated
2018-11-07 21:36:06,524 - Utilities_app - DEBUG - probabilistic map generation started
2018-11-07 21:36:06,524 - Utilities_app - DEBUG - map shuffle started
2018-11-07 21:36:06,524 - Utilities_app - DEBUG - map shuffle ended
2018-11-07 21:36:06,524 - Utilities_app - DEBUG - probabilistic map gen succeeded
2018-11-07 21:36:06,524 - Utilities_app - DEBUG - map generated
2018-11-07 21:36:06,524 - Utilities_app - DEBUG - start position generated
2018-11-07 21:36:06,524 - Utilities_app - DEBUG - setting-up ended.
2018-11-07 21:36:08,771 - Utilities_app - INFO - game loaded
2018-11-07 21:36:08,772 - Utilities_app - DEBUG - step started...
2018-11-07 21:36:08,775 - Utilities_app - DEBUG - output completed
2018-11-07 21:36:10,659 - Utilities_app - DEBUG - action received & checked
2018-11-07 21:36:10,659 - Utilities_app - DEBUG - on action script performed
2018-11-07 21:36:10,659 - Utilities_app - DEBUG - new position checked and used, step performed
2018-11-07 21:36:10,659 - Utilities_app - DEBUG - step ended.
2018-11-07 21:36:10,659 - Utilities_app - DEBUG - step started...
2018-11-07 21:36:10,660 - Utilities_app - DEBUG - output completed
2018-11-07 21:36:11,131 - Utilities_app - DEBUG - action received & checked
2018-11-07 21:36:11,132 - Utilities_app - DEBUG - on action script performed
2018-11-07 21:36:11,132 - Utilities_app - DEBUG - new position checked and used, step performed
2018-11-07 21:36:11,132 - Utilities_app - DEBUG - step ended.
2018-11-07 21:36:11,132 - Utilities_app - DEBUG - step started...
2018-11-07 21:36:11,136 - Utilities_app - DEBUG - output completed
2018-11-07 21:36:11,755 - Utilities_app - DEBUG - action received & checked
2018-11-07 21:36:11,755 - Utilities_app - DEBUG - on action script performed
2018-11-07 21:36:11,755 - Utilities_app - DEBUG - new position checked and used, step performed
2018-11-07 21:36:11,755 - Utilities_app - DEBUG - step ended.
2018-11-07 21:36:11,756 - Utilities_app - DEBUG - step started...
2018-11-07 21:36:11,757 - Utilities_app - DEBUG - output completed
2018-11-07 21:36:14,451 - Utilities_app - DEBUG - action received & checked
2018-11-07 21:36:14,451 - Utilities_app - DEBUG - on action script performed
2018-11-07 21:36:14,451 - Utilities_app - DEBUG - new position checked and used, step performed
2018-11-07 21:36:14,451 - Utilities_app - DEBUG - step ended.
2018-11-07 21:36:14,451 - Utilities_app - DEBUG - step started...
2018-11-07 21:36:14,452 - Utilities_app - DEBUG - output completed
2018-11-07 21:36:16,267 - Utilities_app - DEBUG - action received & checked
2018-11-07 21:36:16,268 - Utilities_app - DEBUG - on action script performed
2018-11-07 21:36:16,268 - Utilities_app - DEBUG - new position checked and used, step performed
2018-11-07 21:36:16,268 - Utilities_app - DEBUG - step ended.
2018-11-07 21:36:16,268 - Utilities_app - DEBUG - step started...
2018-11-07 21:36:16,274 - Utilities_app - DEBUG - output completed
2018-11-07 21:36:18,075 - Utilities_app - DEBUG - action received & checked
2018-11-07 21:36:18,075 - Utilities_app - DEBUG - on action script performed
2018-11-07 21:36:18,075 - Utilities_app - DEBUG - new position checked and used, step performed
2018-11-07 21:36:18,075 - Utilities_app - DEBUG - step ended.
2018-11-07 21:36:18,076 - Utilities_app - DEBUG - step started...
2018-11-07 21:36:18,076 - Utilities_app - DEBUG - output completed
2018-11-07 21:36:21,756 - Utilities_app - DEBUG - action received & checked
2018-11-07 21:36:21,756 - Utilities_app - DEBUG - on action script performed
2018-11-07 21:36:21,756 - Utilities_app - DEBUG - new position checked and used, step performed
2018-11-07 21:36:21,756 - Utilities_app - DEBUG - step ended.
2018-11-07 21:36:21,756 - Utilities_app - DEBUG - step started...
2018-11-07 21:36:21,757 - Utilities_app - DEBUG - output completed
2018-11-07 21:36:24,170 - Utilities_app - DEBUG - action received & checked
2018-11-07 21:36:24,170 - Utilities_app - DEBUG - on action script performed
2018-11-07 21:36:24,170 - Utilities_app - DEBUG - new position checked and used, step performed
2018-11-07 21:36:24,170 - Utilities_app - DEBUG - step ended.
2018-11-07 21:36:24,170 - Utilities_app - DEBUG - step started...
2018-11-07 21:36:24,171 - Utilities_app - DEBUG - output completed
2018-11-07 21:36:25,811 - Utilities_app - DEBUG - step started...
2018-11-07 21:36:25,812 - Utilities_app - DEBUG - output completed
2018-11-07 21:36:27,275 - Utilities_app - DEBUG - action received & checked
2018-11-07 21:36:27,276 - Utilities_app - DEBUG - on action script performed
2018-11-07 21:36:27,276 - Utilities_app - DEBUG - new position checked and used, step performed
2018-11-07 21:36:27,276 - Utilities_app - DEBUG - step ended.
2018-11-07 21:36:27,276 - Utilities_app - DEBUG - step started...
2018-11-07 21:36:27,281 - Utilities_app - DEBUG - output completed
2018-11-07 21:36:28,099 - Utilities_app - DEBUG - action received & checked
2018-11-07 21:36:28,100 - Utilities_app - DEBUG - on action script performed
2018-11-07 21:36:28,100 - Utilities_app - DEBUG - new position checked and used, step performed
2018-11-07 21:36:28,100 - Utilities_app - DEBUG - step ended.
2018-11-07 21:36:28,100 - Utilities_app - DEBUG - step started...
2018-11-07 21:36:28,104 - Utilities_app - DEBUG - output completed
2018-11-07 21:36:28,547 - Utilities_app - DEBUG - action received & checked
2018-11-07 21:36:28,547 - Utilities_app - DEBUG - on action script performed
2018-11-07 21:36:28,547 - Utilities_app - DEBUG - new position checked and used, step performed
2018-11-07 21:36:28,547 - Utilities_app - DEBUG - step ended.
2018-11-07 21:36:28,547 - Utilities_app - DEBUG - step started...
2018-11-07 21:36:28,550 - Utilities_app - DEBUG - output completed
2018-11-07 21:36:34,604 - Utilities_app - DEBUG - action received & checked
2018-11-07 21:36:34,604 - Utilities_app - DEBUG - on action script performed
2018-11-07 21:36:34,604 - Utilities_app - DEBUG - new position checked and used, step performed
2018-11-07 21:36:34,605 - Utilities_app - DEBUG - step ended.
2018-11-07 21:36:34,605 - Utilities_app - DEBUG - step started...
2018-11-07 21:36:34,606 - Utilities_app - DEBUG - output completed
2018-11-07 21:36:35,683 - Utilities_app - DEBUG - action received & checked
2018-11-07 21:36:35,683 - Utilities_app - DEBUG - on action script performed
2018-11-07 21:36:35,683 - Utilities_app - DEBUG - new position checked and used, step performed
2018-11-07 21:36:35,683 - Utilities_app - DEBUG - step ended.
2018-11-07 21:36:35,683 - Utilities_app - DEBUG - step started...
2018-11-07 21:36:35,689 - Utilities_app - DEBUG - output completed
2018-11-07 21:36:36,380 - Utilities_app - DEBUG - action received & checked
2018-11-07 21:36:36,380 - Utilities_app - DEBUG - on action script performed
2018-11-07 21:36:36,380 - Utilities_app - DEBUG - new position checked and used, step performed
2018-11-07 21:36:36,380 - Utilities_app - DEBUG - step ended.
2018-11-07 21:36:36,380 - Utilities_app - DEBUG - step started...
2018-11-07 21:36:36,386 - Utilities_app - DEBUG - output completed
2018-11-07 21:36:37,043 - Utilities_app - DEBUG - action received & checked
2018-11-07 21:36:37,043 - Utilities_app - DEBUG - on action script performed
2018-11-07 21:36:37,043 - Utilities_app - DEBUG - new position checked and used, step performed
2018-11-07 21:36:37,043 - Utilities_app - DEBUG - step ended.
2018-11-07 21:36:37,043 - Utilities_app - DEBUG - step started...
2018-11-07 21:36:37,044 - Utilities_app - DEBUG - output completed
2018-11-07 21:36:38,115 - Utilities_app - DEBUG - action received & checked
2018-11-07 21:36:38,115 - Utilities_app - DEBUG - on action script performed
2018-11-07 21:36:38,115 - Utilities_app - DEBUG - new position checked and used, step performed
2018-11-07 21:36:38,115 - Utilities_app - DEBUG - step ended.
2018-11-07 21:36:38,115 - Utilities_app - DEBUG - step started...
2018-11-07 21:36:38,116 - Utilities_app - DEBUG - output completed
2018-11-07 21:36:39,099 - Utilities_app - DEBUG - action received & checked
2018-11-07 21:36:39,100 - Utilities_app - DEBUG - on action script performed
2018-11-07 21:36:39,100 - Utilities_app - DEBUG - new position checked and used, step performed
2018-11-07 21:36:39,100 - Utilities_app - DEBUG - step ended.
2018-11-07 21:36:39,100 - Utilities_app - DEBUG - step started...
2018-11-07 21:36:39,102 - Utilities_app - DEBUG - output completed
2018-11-07 21:36:39,691 - Utilities_app - DEBUG - action received & checked
2018-11-07 21:36:39,691 - Utilities_app - DEBUG - on action script performed
2018-11-07 21:36:39,691 - Utilities_app - DEBUG - new position checked and used, step performed
2018-11-07 21:36:39,691 - Utilities_app - DEBUG - step ended.
2018-11-07 21:36:39,691 - Utilities_app - DEBUG - step started...
2018-11-07 21:36:39,692 - Utilities_app - DEBUG - output completed
2018-11-07 21:36:40,300 - Utilities_app - DEBUG - action received & checked
2018-11-07 21:36:40,300 - Utilities_app - DEBUG - on action script performed
2018-11-07 21:36:40,300 - Utilities_app - DEBUG - new position checked and used, step performed
2018-11-07 21:36:40,300 - Utilities_app - DEBUG - step ended.
2018-11-07 21:36:40,300 - Utilities_app - DEBUG - step started...
2018-11-07 21:36:40,301 - Utilities_app - DEBUG - output completed
2018-11-07 21:36:40,770 - Utilities_app - DEBUG - action received & checked
2018-11-07 21:36:40,771 - Utilities_app - DEBUG - on action script performed
2018-11-07 21:36:40,771 - Utilities_app - DEBUG - new position checked and used, step performed
2018-11-07 21:36:40,771 - Utilities_app - DEBUG - step ended.
2018-11-07 21:36:40,771 - Utilities_app - DEBUG - step started...
2018-11-07 21:36:40,772 - Utilities_app - DEBUG - output completed
2018-11-07 21:36:41,379 - Utilities_app - DEBUG - action received & checked
2018-11-07 21:36:41,379 - Utilities_app - DEBUG - on action script performed
2018-11-07 21:36:41,380 - Utilities_app - DEBUG - new position checked and used, step performed
2018-11-07 21:36:41,380 - Utilities_app - DEBUG - step ended.
2018-11-07 21:36:41,380 - Utilities_app - DEBUG - step started...
2018-11-07 21:36:41,381 - Utilities_app - DEBUG - output completed
2018-11-07 21:36:41,891 - Utilities_app - DEBUG - action received & checked
2018-11-07 21:36:41,892 - Utilities_app - DEBUG - on action script performed
2018-11-07 21:36:41,892 - Utilities_app - DEBUG - new position checked and used, step performed
2018-11-07 21:36:41,892 - Utilities_app - INFO - game lost.
2018-11-07 21:36:41,892 - Utilities_app - DEBUG - step ended.
2018-11-07 21:36:41,892 - Utilities_app - INFO - game ended
2018-11-07 21:37:08,222 - Utilities_app - INFO - game started
2018-11-07 21:37:08,223 - Utilities_app - DEBUG - setting-up started...
2018-11-07 21:37:08,223 - Utilities_app - DEBUG - map generation started
2018-11-07 21:37:08,223 - Utilities_app - DEBUG - random size generated
2018-11-07 21:37:08,223 - Utilities_app - DEBUG - probabilistic map generation started
2018-11-07 21:37:08,223 - Utilities_app - DEBUG - map shuffle started
2018-11-07 21:37:08,223 - Utilities_app - DEBUG - map shuffle ended
2018-11-07 21:37:08,223 - Utilities_app - DEBUG - probabilistic map gen succeeded
2018-11-07 21:37:08,223 - Utilities_app - DEBUG - map generated
2018-11-07 21:37:08,223 - Utilities_app - DEBUG - start position generated
2018-11-07 21:37:08,223 - Utilities_app - DEBUG - setting-up ended.
2018-11-07 21:37:09,363 - Utilities_app - INFO - game loaded
2018-11-07 21:37:09,363 - Utilities_app - DEBUG - step started...
2018-11-07 21:37:09,364 - Utilities_app - DEBUG - output completed
2018-11-07 21:37:45,639 - Utilities_app - INFO - game started
2018-11-07 21:37:45,640 - Utilities_app - DEBUG - setting-up started...
2018-11-07 21:37:45,640 - Utilities_app - DEBUG - map generation started
2018-11-07 21:37:45,640 - Utilities_app - DEBUG - random size generated
2018-11-07 21:37:45,640 - Utilities_app - DEBUG - probabilistic map generation started
2018-11-07 21:37:45,640 - Utilities_app - DEBUG - map shuffle started
2018-11-07 21:37:45,640 - Utilities_app - DEBUG - map shuffle ended
2018-11-07 21:37:45,640 - Utilities_app - DEBUG - probabilistic map gen succeeded
2018-11-07 21:37:45,640 - Utilities_app - DEBUG - map generated
2018-11-07 21:37:45,641 - Utilities_app - DEBUG - start position generated
2018-11-07 21:37:45,641 - Utilities_app - DEBUG - setting-up ended.
2018-11-07 21:37:46,739 - Utilities_app - INFO - game loaded
2018-11-07 21:37:46,739 - Utilities_app - DEBUG - step started...
2018-11-07 21:37:46,740 - Utilities_app - DEBUG - output completed
2018-11-07 21:38:16,615 - Utilities_app - INFO - game started
2018-11-07 21:38:16,615 - Utilities_app - DEBUG - setting-up started...
2018-11-07 21:38:16,615 - Utilities_app - DEBUG - map generation started
2018-11-07 21:38:16,615 - Utilities_app - DEBUG - random size generated
2018-11-07 21:38:16,615 - Utilities_app - DEBUG - probabilistic map generation started
2018-11-07 21:38:16,615 - Utilities_app - DEBUG - map shuffle started
2018-11-07 21:38:16,616 - Utilities_app - DEBUG - map shuffle ended
2018-11-07 21:38:16,616 - Utilities_app - DEBUG - probabilistic map gen succeeded
2018-11-07 21:38:16,616 - Utilities_app - DEBUG - map generated
2018-11-07 21:38:16,616 - Utilities_app - DEBUG - start position generated
2018-11-07 21:38:16,616 - Utilities_app - DEBUG - setting-up ended.
2018-11-07 21:38:17,730 - Utilities_app - DEBUG - step started...
2018-11-07 21:38:17,732 - Utilities_app - DEBUG - output completed
2018-11-07 21:38:20,650 - Utilities_app - DEBUG - action received & checked
2018-11-07 21:38:20,655 - Utilities_app - INFO - game saved
2018-11-07 21:38:20,655 - Utilities_app - DEBUG - on action script performed
2018-11-07 21:38:20,655 - Utilities_app - DEBUG - new position checked and used, step performed
2018-11-07 21:38:20,656 - Utilities_app - DEBUG - step ended.
2018-11-07 21:38:20,656 - Utilities_app - DEBUG - step started...
2018-11-07 21:38:33,048 - Utilities_app - INFO - game started
2018-11-07 21:38:33,048 - Utilities_app - DEBUG - setting-up started...
2018-11-07 21:38:33,049 - Utilities_app - DEBUG - map generation started
2018-11-07 21:38:33,049 - Utilities_app - DEBUG - random size generated
2018-11-07 21:38:33,049 - Utilities_app - DEBUG - probabilistic map generation started
2018-11-07 21:38:33,049 - Utilities_app - DEBUG - map shuffle started
2018-11-07 21:38:33,050 - Utilities_app - DEBUG - map shuffle ended
2018-11-07 21:38:33,050 - Utilities_app - DEBUG - probabilistic map gen succeeded
2018-11-07 21:38:33,050 - Utilities_app - DEBUG - map generated
2018-11-07 21:38:33,050 - Utilities_app - DEBUG - start position generated
2018-11-07 21:38:33,050 - Utilities_app - DEBUG - setting-up ended.
2018-11-07 21:38:34,595 - Utilities_app - DEBUG - step started...
2018-11-07 21:38:34,598 - Utilities_app - DEBUG - output completed
2018-11-07 21:38:36,234 - Utilities_app - DEBUG - action received & checked
2018-11-07 21:38:36,236 - Utilities_app - INFO - game saved
2018-11-07 21:38:36,236 - Utilities_app - DEBUG - on action script performed
2018-11-07 21:38:36,236 - Utilities_app - DEBUG - new position checked and used, step performed
2018-11-07 21:38:36,236 - Utilities_app - DEBUG - step ended.
2018-11-07 21:38:36,236 - Utilities_app - DEBUG - step started...
2018-11-07 21:38:36,238 - Utilities_app - DEBUG - output completed
2018-11-07 21:38:39,784 - Utilities_app - INFO - game started
2018-11-07 21:38:39,785 - Utilities_app - DEBUG - setting-up started...
2018-11-07 21:38:39,785 - Utilities_app - DEBUG - map generation started
2018-11-07 21:38:39,785 - Utilities_app - DEBUG - random size generated
2018-11-07 21:38:39,785 - Utilities_app - DEBUG - probabilistic map generation started
2018-11-07 21:38:39,785 - Utilities_app - DEBUG - map shuffle started
2018-11-07 21:38:39,785 - Utilities_app - DEBUG - map shuffle ended
2018-11-07 21:38:39,786 - Utilities_app - DEBUG - probabilistic map gen succeeded
2018-11-07 21:38:39,786 - Utilities_app - DEBUG - map generated
2018-11-07 21:38:39,786 - Utilities_app - DEBUG - start position generated
2018-11-07 21:38:39,786 - Utilities_app - DEBUG - setting-up ended.
2018-11-07 21:38:41,107 - Utilities_app - INFO - game loaded
2018-11-07 21:38:41,108 - Utilities_app - DEBUG - step started...
2018-11-07 21:38:41,109 - Utilities_app - DEBUG - output completed
2018-11-07 21:38:50,018 - Utilities_app - DEBUG - action received & checked
2018-11-07 21:38:50,018 - Utilities_app - DEBUG - on action script performed
2018-11-07 21:38:50,019 - Utilities_app - DEBUG - new position checked and used, step performed
2018-11-07 21:38:50,019 - Utilities_app - DEBUG - step ended.
2018-11-07 21:38:50,019 - Utilities_app - DEBUG - step started...
2018-11-07 21:38:50,019 - Utilities_app - DEBUG - output completed
2018-11-07 21:38:50,507 - Utilities_app - DEBUG - action received & checked
2018-11-07 21:38:50,508 - Utilities_app - DEBUG - on action script performed
2018-11-07 21:38:50,508 - Utilities_app - DEBUG - new position checked and used, step performed
2018-11-07 21:38:50,508 - Utilities_app - DEBUG - step ended.
2018-11-07 21:38:50,508 - Utilities_app - DEBUG - step started...
2018-11-07 21:38:50,513 - Utilities_app - DEBUG - output completed
2018-11-07 21:38:50,907 - Utilities_app - DEBUG - action received & checked
2018-11-07 21:38:50,907 - Utilities_app - DEBUG - on action script performed
2018-11-07 21:38:50,907 - Utilities_app - DEBUG - new position checked and used, step performed
2018-11-07 21:38:50,907 - Utilities_app - DEBUG - step ended.
2018-11-07 21:38:50,907 - Utilities_app - DEBUG - step started...
2018-11-07 21:38:50,908 - Utilities_app - DEBUG - output completed
2018-11-07 21:38:51,827 - Utilities_app - DEBUG - action received & checked
2018-11-07 21:38:51,827 - Utilities_app - DEBUG - on action script performed
2018-11-07 21:38:51,827 - Utilities_app - DEBUG - new position checked and used, step performed
2018-11-07 21:38:51,827 - Utilities_app - DEBUG - step ended.
2018-11-07 21:38:51,827 - Utilities_app - DEBUG - step started...
2018-11-07 21:38:51,828 - Utilities_app - DEBUG - output completed
2018-11-07 21:38:54,475 - Utilities_app - DEBUG - action received & checked
2018-11-07 21:38:54,483 - Utilities_app - INFO - game saved
2018-11-07 21:38:54,483 - Utilities_app - DEBUG - on action script performed
2018-11-07 21:38:54,483 - Utilities_app - DEBUG - new position checked and used, step performed
2018-11-07 21:38:54,483 - Utilities_app - DEBUG - step ended.
2018-11-07 21:38:54,483 - Utilities_app - DEBUG - step started...
2018-11-07 21:39:36,386 - Utilities_app - INFO - game started
2018-11-07 21:39:36,387 - Utilities_app - DEBUG - setting-up started...
2018-11-07 21:39:36,387 - Utilities_app - DEBUG - map generation started
2018-11-07 21:39:36,387 - Utilities_app - DEBUG - random size generated
2018-11-07 21:39:36,387 - Utilities_app - DEBUG - probabilistic map generation started
2018-11-07 21:39:36,387 - Utilities_app - DEBUG - map shuffle started
2018-11-07 21:39:36,387 - Utilities_app - DEBUG - map shuffle ended
2018-11-07 21:39:36,387 - Utilities_app - DEBUG - probabilistic map gen succeeded
2018-11-07 21:39:36,387 - Utilities_app - DEBUG - map generated
2018-11-07 21:39:36,387 - Utilities_app - DEBUG - start position generated
2018-11-07 21:39:36,387 - Utilities_app - DEBUG - setting-up ended.
2018-11-07 21:39:37,739 - Utilities_app - INFO - game loaded
2018-11-07 21:39:37,739 - Utilities_app - DEBUG - step started...
2018-11-07 21:39:37,741 - Utilities_app - DEBUG - output completed
2018-11-07 21:39:40,730 - Utilities_app - DEBUG - action received & checked
2018-11-07 21:39:40,733 - Utilities_app - INFO - game saved
2018-11-07 21:39:40,733 - Utilities_app - DEBUG - on action script performed
2018-11-07 21:39:40,734 - Utilities_app - DEBUG - new position checked and used, step performed
2018-11-07 21:39:40,734 - Utilities_app - DEBUG - step ended.
2018-11-07 21:39:40,734 - Utilities_app - DEBUG - step started...
2018-11-07 21:41:19,272 - Utilities_app - INFO - game started
2018-11-07 21:41:19,272 - Utilities_app - DEBUG - setting-up started...
2018-11-07 21:41:19,272 - Utilities_app - DEBUG - map generation started
2018-11-07 21:41:19,273 - Utilities_app - DEBUG - random size generated
2018-11-07 21:41:19,273 - Utilities_app - DEBUG - probabilistic map generation started
2018-11-07 21:41:19,273 - Utilities_app - DEBUG - map shuffle started
2018-11-07 21:41:19,274 - Utilities_app - DEBUG - map shuffle ended
2018-11-07 21:41:19,274 - Utilities_app - DEBUG - probabilistic map gen succeeded
2018-11-07 21:41:19,274 - Utilities_app - DEBUG - map generated
2018-11-07 21:41:19,274 - Utilities_app - DEBUG - start position generated
2018-11-07 21:41:19,274 - Utilities_app - DEBUG - setting-up ended.
2018-11-07 21:41:20,922 - Utilities_app - INFO - game loaded
2018-11-07 21:41:20,923 - Utilities_app - DEBUG - step started...
2018-11-07 21:41:20,924 - Utilities_app - DEBUG - output completed
2018-11-07 21:41:24,065 - Utilities_app - DEBUG - action received & checked
2018-11-07 21:41:24,066 - Utilities_app - INFO - game saved
2018-11-07 21:41:24,067 - Utilities_app - DEBUG - on action script performed
2018-11-07 21:41:24,068 - Utilities_app - DEBUG - new position checked and used, step performed
2018-11-07 21:41:24,068 - Utilities_app - DEBUG - step ended.
2018-11-07 21:41:24,068 - Utilities_app - DEBUG - step started...
2018-11-07 21:41:24,072 - Utilities_app - DEBUG - output completed
2018-11-07 21:41:25,234 - Utilities_app - DEBUG - action received & checked
2018-11-07 21:41:25,234 - Utilities_app - DEBUG - on action script performed
2018-11-07 21:41:25,234 - Utilities_app - DEBUG - new position checked and used, step performed
2018-11-07 21:41:25,234 - Utilities_app - DEBUG - step ended.
2018-11-07 21:41:25,234 - Utilities_app - DEBUG - step started...
2018-11-07 21:41:25,236 - Utilities_app - DEBUG - output completed
2018-11-07 21:41:27,362 - Utilities_app - DEBUG - action received & checked
2018-11-07 21:41:27,362 - Utilities_app - DEBUG - on action script performed
2018-11-07 21:41:27,362 - Utilities_app - DEBUG - new position checked and used, step performed
2018-11-07 21:41:27,362 - Utilities_app - DEBUG - step ended.
2018-11-07 21:41:27,362 - Utilities_app - DEBUG - step started...
2018-11-07 21:41:27,368 - Utilities_app - DEBUG - output completed
2018-11-07 21:41:29,769 - Utilities_app - DEBUG - action received & checked
2018-11-07 21:41:29,771 - Utilities_app - INFO - game saved
2018-11-07 21:41:29,772 - Utilities_app - DEBUG - on action script performed
2018-11-07 21:41:29,772 - Utilities_app - DEBUG - new position checked and used, step performed
2018-11-07 21:41:29,772 - Utilities_app - DEBUG - step ended.
2018-11-07 21:41:29,772 - Utilities_app - DEBUG - step started...
2018-11-07 21:41:29,776 - Utilities_app - DEBUG - output completed
2018-11-07 21:41:33,201 - Utilities_app - DEBUG - action received & checked
2018-11-07 21:41:33,201 - Utilities_app - DEBUG - on action script performed
2018-11-07 21:41:33,201 - Utilities_app - DEBUG - new position checked and used, step performed
2018-11-07 21:41:33,201 - Utilities_app - DEBUG - step ended.
2018-11-07 21:41:33,202 - Utilities_app - DEBUG - step started...
2018-11-07 21:41:33,202 - Utilities_app - DEBUG - output completed
2018-11-07 21:41:34,177 - Utilities_app - DEBUG - action received & checked
2018-11-07 21:41:34,183 - Utilities_app - INFO - game saved
2018-11-07 21:41:34,183 - Utilities_app - DEBUG - on action script performed
2018-11-07 21:41:34,183 - Utilities_app - DEBUG - new position checked and used, step performed
2018-11-07 21:41:34,183 - Utilities_app - DEBUG - step ended.
2018-11-07 21:41:34,183 - Utilities_app - DEBUG - step started...
2018-11-07 21:41:34,184 - Utilities_app - DEBUG - output completed
2018-11-07 21:41:36,243 - Utilities_app - INFO - game started
2018-11-07 21:41:36,244 - Utilities_app - DEBUG - setting-up started...
2018-11-07 21:41:36,244 - Utilities_app - DEBUG - map generation started
2018-11-07 21:41:36,244 - Utilities_app - DEBUG - random size generated
2018-11-07 21:41:36,244 - Utilities_app - DEBUG - probabilistic map generation started
2018-11-07 21:41:36,244 - Utilities_app - DEBUG - map shuffle started
2018-11-07 21:41:36,244 - Utilities_app - DEBUG - map shuffle ended
2018-11-07 21:41:36,244 - Utilities_app - DEBUG - probabilistic map gen succeeded
2018-11-07 21:41:36,244 - Utilities_app - DEBUG - map generated
2018-11-07 21:41:36,244 - Utilities_app - DEBUG - start position generated
2018-11-07 21:41:36,245 - Utilities_app - DEBUG - setting-up ended.
2018-11-07 21:41:37,189 - Utilities_app - INFO - game loaded
2018-11-07 21:41:37,191 - Utilities_app - DEBUG - step started...
2018-11-07 21:41:37,196 - Utilities_app - DEBUG - output completed
2018-11-07 21:41:39,274 - Utilities_app - DEBUG - action received & checked
2018-11-07 21:41:39,275 - Utilities_app - DEBUG - on action script performed
2018-11-07 21:41:39,275 - Utilities_app - DEBUG - new position checked and used, step performed
2018-11-07 21:41:39,275 - Utilities_app - DEBUG - step ended.
2018-11-07 21:41:39,275 - Utilities_app - DEBUG - step started...
2018-11-07 21:41:39,281 - Utilities_app - DEBUG - output completed
2018-11-07 21:42:04,553 - Utilities_app - INFO - game started
2018-11-07 21:42:04,555 - Utilities_app - DEBUG - setting-up started...
2018-11-07 21:42:04,555 - Utilities_app - DEBUG - map generation started
2018-11-07 21:42:04,555 - Utilities_app - DEBUG - random size generated
2018-11-07 21:42:04,555 - Utilities_app - DEBUG - probabilistic map generation started
2018-11-07 21:42:04,555 - Utilities_app - DEBUG - map shuffle started
2018-11-07 21:42:04,555 - Utilities_app - DEBUG - map shuffle ended
2018-11-07 21:42:04,555 - Utilities_app - DEBUG - probabilistic map gen succeeded
2018-11-07 21:42:04,555 - Utilities_app - DEBUG - map generated
2018-11-07 21:42:04,555 - Utilities_app - DEBUG - start position generated
2018-11-07 21:42:04,555 - Utilities_app - DEBUG - setting-up ended.
2018-11-07 21:42:05,585 - Utilities_app - INFO - game loaded
2018-11-07 21:42:05,587 - Utilities_app - DEBUG - step started...
2018-11-07 21:42:05,591 - Utilities_app - DEBUG - output completed
2018-11-07 21:42:07,002 - Utilities_app - DEBUG - action received & checked
2018-11-07 21:42:07,005 - Utilities_app - INFO - game saved
2018-11-07 21:42:07,005 - Utilities_app - DEBUG - on action script performed
2018-11-07 21:42:07,005 - Utilities_app - DEBUG - new position checked and used, step performed
2018-11-07 21:42:07,005 - Utilities_app - DEBUG - step ended.
2018-11-07 21:42:07,005 - Utilities_app - DEBUG - step started...
2018-11-07 21:42:07,006 - Utilities_app - DEBUG - output completed
